<?xml version="1.0" encoding="UTF-8"?>
<!-- Generated by org.testng.reporters.JUnitXMLReporter -->
<testsuite ignored="0" hostname="DESKTOP-4JOQSL2" failures="0" tests="3" name="Default test" time="0.148" errors="0" timestamp="2023-07-23T01:48:22 EEST">
  <testcase classname="automationFramework.Dependent" name="OpenBrowser" time="0.019"/>
  <testcase classname="automationFramework.Dependent" name="SignIn" time="0.004"/>
  <testcase classname="automationFramework.Dependent" name="LogOut" time="0.003"/>
</testsuite> <!-- Default test -->
