<?xml version="1.0" encoding="UTF-8"?>
<!-- Generated by org.testng.reporters.JUnitXMLReporter -->
<testsuite ignored="0" hostname="DESKTOP-4JOQSL2" failures="0" tests="3" name="Default test" time="0.162" errors="0" timestamp="2023-07-23T16:31:03 EEST">
  <testcase classname="automationFramework.Dependent" name="OpenBrowser" time="0.02"/>
  <testcase classname="automationFramework.Dependent" name="SignIn" time="0.003"/>
  <testcase classname="automationFramework.Dependent" name="LogOut" time="0.017"/>
</testsuite> <!-- Default test -->
