<?xml version="1.0" encoding="UTF-8"?>
<testng-results ignored="0" total="3" passed="3" failed="0" skipped="0">
  <reporter-output>
  </reporter-output>
  <suite started-at="2023-07-24T15:01:45 EEST" name="Default suite" finished-at="2023-07-24T15:02:09 EEST" duration-ms="24016">
    <groups>
    </groups>
    <test started-at="2023-07-24T15:01:45 EEST" name="Default test" finished-at="2023-07-24T15:02:09 EEST" duration-ms="24016">
      <class name="automationFramework.ParameterByDataprovider">
        <test-method is-config="true" signature="setup()[pri:0, instance:automationFramework.ParameterByDataprovider@17f9d882]" started-at="2023-07-24T15:01:45 EEST" name="setup" finished-at="2023-07-24T15:01:59 EEST" duration-ms="13756" status="PASS">
          <reporter-output>
          </reporter-output>
        </test-method> <!-- setup -->
        <test-method signature="testMethod(java.lang.String,java.lang.String)[pri:0, instance:automationFramework.ParameterByDataprovider@17f9d882]" started-at="2023-07-24T15:01:59 EEST" name="testMethod" data-provider="SearchProvider" finished-at="2023-07-24T15:02:03 EEST" duration-ms="3562" status="PASS">
          <params>
            <param index="0">
              <value>
                <![CDATA[Demo]]>
              </value>
            </param>
            <param index="1">
              <value>
                <![CDATA[India]]>
              </value>
            </param>
          </params>
          <reporter-output>
          </reporter-output>
        </test-method> <!-- testMethod -->
        <test-method signature="testMethod(java.lang.String,java.lang.String)[pri:0, instance:automationFramework.ParameterByDataprovider@17f9d882]" started-at="2023-07-24T15:02:03 EEST" name="testMethod" data-provider="SearchProvider" finished-at="2023-07-24T15:02:06 EEST" duration-ms="3322" status="PASS">
          <params>
            <param index="0">
              <value>
                <![CDATA[Krishna]]>
              </value>
            </param>
            <param index="1">
              <value>
                <![CDATA[UK]]>
              </value>
            </param>
          </params>
          <reporter-output>
          </reporter-output>
        </test-method> <!-- testMethod -->
        <test-method signature="testMethod(java.lang.String,java.lang.String)[pri:0, instance:automationFramework.ParameterByDataprovider@17f9d882]" started-at="2023-07-24T15:02:06 EEST" name="testMethod" data-provider="SearchProvider" finished-at="2023-07-24T15:02:09 EEST" duration-ms="3275" status="PASS">
          <params>
            <param index="0">
              <value>
                <![CDATA[Bhupesh]]>
              </value>
            </param>
            <param index="1">
              <value>
                <![CDATA[USA]]>
              </value>
            </param>
          </params>
          <reporter-output>
          </reporter-output>
        </test-method> <!-- testMethod -->
      </class> <!-- automationFramework.ParameterByDataprovider -->
    </test> <!-- Default test -->
  </suite> <!-- Default suite -->
</testng-results>
