<?xml version="1.0" encoding="UTF-8"?>
<testng-results ignored="0" total="1" passed="1" failed="0" skipped="0">
  <reporter-output>
  </reporter-output>
  <suite started-at="2023-07-23T10:35:02 EEST" name="Login Regression" finished-at="2023-07-23T10:35:02 EEST" duration-ms="166">
    <groups>
    </groups>
    <test started-at="2023-07-23T10:35:02 EEST" name="Login Regression" finished-at="2023-07-23T10:35:02 EEST" duration-ms="166">
      <class name="automationFramework.TestNG">
        <test-method is-config="true" signature="beforeMethod()[pri:0, instance:automationFramework.TestNG@1a942c18]" started-at="2023-07-23T10:35:02 EEST" name="beforeMethod" finished-at="2023-07-23T10:35:02 EEST" duration-ms="18" status="PASS">
          <reporter-output>
          </reporter-output>
        </test-method> <!-- beforeMethod -->
        <test-method signature="f()[pri:0, instance:automationFramework.TestNG@1a942c18]" started-at="2023-07-23T10:35:02 EEST" name="f" finished-at="2023-07-23T10:35:02 EEST" duration-ms="12" status="PASS">
          <reporter-output>
          </reporter-output>
        </test-method> <!-- f -->
        <test-method is-config="true" signature="afterMethod()[pri:0, instance:automationFramework.TestNG@1a942c18]" started-at="2023-07-23T10:35:02 EEST" name="afterMethod" finished-at="2023-07-23T10:35:02 EEST" duration-ms="3" status="PASS">
          <reporter-output>
          </reporter-output>
        </test-method> <!-- afterMethod -->
      </class> <!-- automationFramework.TestNG -->
    </test> <!-- Login Regression -->
  </suite> <!-- Login Regression -->
</testng-results>
