<?xml version="1.0" encoding="UTF-8"?>
<!-- Generated by org.testng.reporters.JUnitXMLReporter -->
<testsuite ignored="0" hostname="DESKTOP-4JOQSL2" failures="0" tests="3" name="testGuru" time="20.32" errors="0" timestamp="2023-07-24T14:59:44 EEST">
  <testcase classname="automationFramework.ParameterByDataprovider" name="testMethod" time="3.47"/>
  <testcase classname="automationFramework.ParameterByDataprovider" name="testMethod" time="3.315"/>
  <testcase classname="automationFramework.ParameterByDataprovider" name="testMethod" time="3.277"/>
</testsuite> <!-- testGuru -->
